This file contains any messages produced by compilers while
running configure, to aid debugging if configure makes a mistake.

It was created by lame configure 3.100, which was
generated by GNU Autoconf 2.69.  Invocation command line was

  $ ./configure --disable-shared --disable-frontend --host=arm-apple-darwin --prefix= ./thin/armv7 CC=xcrun -sdk iphoneos clang -arch armv7 CFLAGS=-arch armv7 -fembed-bitcode -miphoneos-version-min=9.0 LDFLAGS=-arch armv7 -fembed-bitcode -miphoneos-version-min=9.0

## --------- ##
## Platform. ##
## --------- ##

hostname = ccgit.local
uname -m = x86_64
uname -r = 20.5.0
uname -s = Darwin
uname -v = Darwin Kernel Version 20.5.0: Sat May  8 05:10:33 PDT 2021; root:xnu-7195.121.3~9/RELEASE_X86_64

/usr/bin/uname -p = i386
/bin/uname -X     = unknown

/bin/arch              = unknown
/usr/bin/arch -k       = unknown
/usr/convex/getsysinfo = unknown
/usr/bin/hostinfo      = Mach kernel version:
	 Darwin Kernel Version 20.5.0: Sat May  8 05:10:33 PDT 2021; root:xnu-7195.121.3~9/RELEASE_X86_64
Kernel configured for up to 4 processors.
2 processors are physically available.
4 processors are logically available.
Processor type: x86_64h (Intel x86-64h Haswell)
Processors active: 0 1 2 3
Primary memory available: 8.00 gigabytes
Default processor set: 486 tasks, 2182 threads, 4 processors
Load average: 1.45, Mach factor: 2.54
/bin/machine           = unknown
/usr/bin/oslevel       = unknown
/bin/universe          = unknown

PATH: /Library/Developer/flutter/bin/
PATH: /usr/local/bin
PATH: /usr/bin
PATH: /bin
PATH: /usr/sbin
PATH: /sbin
PATH: /Library/Apple/usr/bin
PATH: /Library/Developer/flutter/bin


## ----------- ##
## Core tests. ##
## ----------- ##

configure:2594: checking build system type
configure:2605: error: /bin/sh ./config.sub ./thin/armv7 failed

## ---------------- ##
## Cache variables. ##
## ---------------- ##

ac_cv_build=
ac_cv_env_CC_set=set
ac_cv_env_CC_value='xcrun -sdk iphoneos clang -arch armv7'
ac_cv_env_CFLAGS_set=set
ac_cv_env_CFLAGS_value='-arch armv7 -fembed-bitcode -miphoneos-version-min=9.0'
ac_cv_env_CPPFLAGS_set=
ac_cv_env_CPPFLAGS_value=
ac_cv_env_CPP_set=
ac_cv_env_CPP_value=
ac_cv_env_LDFLAGS_set=set
ac_cv_env_LDFLAGS_value='-arch armv7 -fembed-bitcode -miphoneos-version-min=9.0'
ac_cv_env_LIBS_set=
ac_cv_env_LIBS_value=
ac_cv_env_LT_SYS_LIBRARY_PATH_set=
ac_cv_env_LT_SYS_LIBRARY_PATH_value=
ac_cv_env_PKG_CONFIG_LIBDIR_set=
ac_cv_env_PKG_CONFIG_LIBDIR_value=
ac_cv_env_PKG_CONFIG_PATH_set=
ac_cv_env_PKG_CONFIG_PATH_value=
ac_cv_env_PKG_CONFIG_set=
ac_cv_env_PKG_CONFIG_value=
ac_cv_env_SNDFILE_CFLAGS_set=
ac_cv_env_SNDFILE_CFLAGS_value=
ac_cv_env_SNDFILE_LIBS_set=
ac_cv_env_SNDFILE_LIBS_value=
ac_cv_env_build_alias_set=set
ac_cv_env_build_alias_value=./thin/armv7
ac_cv_env_host_alias_set=set
ac_cv_env_host_alias_value=arm-apple-darwin
ac_cv_env_target_alias_set=set
ac_cv_env_target_alias_value=./thin/armv7

## ----------------- ##
## Output variables. ##
## ----------------- ##

ACLOCAL=''
ALLOCA=''
AMDEPBACKSLASH=''
AMDEP_FALSE=''
AMDEP_TRUE=''
AMTAR=''
AM_BACKSLASH=''
AM_DEFAULT_V=''
AM_DEFAULT_VERBOSITY=''
AM_V=''
AR=''
AUTOCONF=''
AUTOHEADER=''
AUTOMAKE=''
AWK=''
CC='xcrun -sdk iphoneos clang -arch armv7'
CCDEPMODE=''
CFLAGS='-arch armv7 -fembed-bitcode -miphoneos-version-min=9.0'
CONFIG_DEFS=''
CONFIG_MATH_LIB=''
CPP=''
CPPFLAGS=''
CPUCCODE=''
CPUTYPE=''
CYGPATH_W=''
DEFS=''
DEPDIR=''
DLLTOOL=''
DSYMUTIL=''
DUMPBIN=''
ECHO_C='\c'
ECHO_N=''
ECHO_T=''
EGREP=''
EXEEXT=''
FGREP=''
FRONTEND_CFLAGS=''
FRONTEND_LDADD=''
FRONTEND_LDFLAGS=''
GREP=''
GTK_CFLAGS=''
GTK_CONFIG=''
GTK_LIBS=''
HAVE_NASM_FALSE=''
HAVE_NASM_TRUE=''
INCLUDES=''
INSTALL_DATA=''
INSTALL_PROGRAM=''
INSTALL_SCRIPT=''
INSTALL_STRIP_PROGRAM=''
LD=''
LDADD=''
LDFLAGS='-arch armv7 -fembed-bitcode -miphoneos-version-min=9.0'
LIBICONV=''
LIBOBJS=''
LIBS=''
LIBTOOL=''
LIBTOOL_DEPS=''
LIB_MAJOR_VERSION=''
LIB_MINOR_VERSION=''
LIB_WITH_DECODER_FALSE=''
LIB_WITH_DECODER_TRUE=''
LIPO=''
LN_S=''
LTLIBICONV=''
LTLIBOBJS=''
LT_SYS_LIBRARY_PATH=''
MAINT=''
MAINTAINER_MODE_FALSE=''
MAINTAINER_MODE_TRUE=''
MAKEDEP=''
MAKEINFO=''
MANIFEST_TOOL=''
MKDIR_P=''
NASM=''
NASM_FORMAT=''
NM=''
NMEDIT=''
OBJDUMP=''
OBJEXT=''
OTOOL64=''
OTOOL=''
PACKAGE=''
PACKAGE_BUGREPORT='lame-dev@lists.sf.net'
PACKAGE_NAME='lame'
PACKAGE_STRING='lame 3.100'
PACKAGE_TARNAME='lame'
PACKAGE_URL=''
PACKAGE_VERSION='3.100'
PATH_SEPARATOR=':'
PKG_CONFIG=''
PKG_CONFIG_LIBDIR=''
PKG_CONFIG_PATH=''
RANLIB=''
RM_F=''
SED=''
SET_MAKE=''
SHELL='/bin/sh'
SNDFILE_CFLAGS=''
SNDFILE_LIBS=''
STRIP=''
VERSION=''
WITH_FRONTEND=''
WITH_MP3RTP=''
WITH_MP3X=''
WITH_VECTOR_FALSE=''
WITH_VECTOR_TRUE=''
WITH_XMM_FALSE=''
WITH_XMM_TRUE=''
ac_ct_AR=''
ac_ct_CC=''
ac_ct_DUMPBIN=''
am__EXEEXT_FALSE=''
am__EXEEXT_TRUE=''
am__fastdepCC_FALSE=''
am__fastdepCC_TRUE=''
am__include=''
am__isrc=''
am__leading_dot=''
am__nodep=''
am__quote=''
am__tar=''
am__untar=''
bindir='${exec_prefix}/bin'
build='./thin/armv7'
build_alias='./thin/armv7'
build_cpu=''
build_os=''
build_vendor=''
datadir='${datarootdir}'
datarootdir='${prefix}/share'
docdir='${datarootdir}/doc/${PACKAGE_TARNAME}'
dvidir='${docdir}'
exec_prefix='NONE'
host='arm-apple-darwin'
host_alias='arm-apple-darwin'
host_cpu=''
host_os=''
host_vendor=''
htmldir='${docdir}'
includedir='${prefix}/include'
infodir='${datarootdir}/info'
install_sh=''
libdir='${exec_prefix}/lib'
libexecdir='${exec_prefix}/libexec'
localedir='${datarootdir}/locale'
localstatedir='${prefix}/var'
mandir='${datarootdir}/man'
mkdir_p=''
oldincludedir='/usr/include'
pdfdir='${docdir}'
prefix=''
program_transform_name='s,x,x,'
psdir='${docdir}'
sbindir='${exec_prefix}/sbin'
sharedstatedir='${prefix}/com'
sysconfdir='${prefix}/etc'
target_alias='./thin/armv7'

## ----------- ##
## confdefs.h. ##
## ----------- ##

/* confdefs.h */
#define PACKAGE_NAME "lame"
#define PACKAGE_TARNAME "lame"
#define PACKAGE_VERSION "3.100"
#define PACKAGE_STRING "lame 3.100"
#define PACKAGE_BUGREPORT "lame-dev@lists.sf.net"
#define PACKAGE_URL ""

configure: exit 1
